<?xml version="1.0" encoding="UTF-8"?>
<!-- Generated by org.testng.reporters.JUnitReportReporter -->
<testsuite hostname="admins-Mac-mini.local" name="testscripts.LoginPage" tests="2" failures="0" timestamp="12 Jul 2018 17:02:36 GMT" time="17.884" errors="0">
  <testcase name="checkForgetPassword" time="2.297" classname="testscripts.LoginPage"/>
  <testcase name="checkLogin" time="15.587" classname="testscripts.LoginPage"/>
</testsuite> <!-- testscripts.LoginPage -->
