<?xml version="1.0" encoding="UTF-8"?>
<!-- Generated by org.testng.reporters.JUnitReportReporter -->
<testsuite hostname="admins-Mac-mini.local" name="testscripts.LoginPage" tests="3" failures="0" timestamp="28 Jul 2018 16:06:20 GMT" time="27.961" errors="0">
  <testcase name="checkForgetPassword" time="3.161" classname="testscripts.LoginPage"/>
  <testcase name="checkLogin" time="11.848" classname="testscripts.LoginPage"/>
  <testcase name="checkLogout" time="12.952" classname="testscripts.LoginPage"/>
</testsuite> <!-- testscripts.LoginPage -->
