<?xml version="1.0" encoding="UTF-8"?>
<!-- Generated by org.testng.reporters.JUnitReportReporter -->
<testsuite hostname="admins-Mac-mini.local" name="framework.MainMethod" tests="1" failures="0" timestamp="8 Jul 2018 07:20:59 GMT" time="12.928" errors="0">
  <testcase name="driverStart" time="12.928" classname="framework.MainMethod"/>
</testsuite> <!-- framework.MainMethod -->
